0 verbose cli /data/data/com.termux/files/usr/bin/node /data/data/com.termux/files/usr/bin/npm
1 info using npm@8.12.1
2 info using node@v18.4.0
3 timing npm:load:whichnode Completed in 1ms
4 timing config:load:defaults Completed in 9ms
5 timing config:load:file:/data/data/com.termux/files/usr/lib/node_modules/npm/npmrc Completed in 3ms
6 timing config:load:builtin Completed in 5ms
7 timing config:load:cli Completed in 6ms
8 timing config:load:env Completed in 2ms
9 timing config:load:file:/storage/emulated/0/BOtserver/.npmrc Completed in 1ms
10 timing config:load:project Completed in 10ms
11 timing config:load:file:/data/data/com.termux/files/home/.npmrc Completed in 23ms
12 timing config:load:user Completed in 24ms
13 timing config:load:file:/data/data/com.termux/files/usr/etc/npmrc Completed in 1ms
14 timing config:load:global Completed in 1ms
15 timing config:load:validate Completed in 3ms
16 timing config:load:credentials Completed in 10ms
17 timing config:load:setEnvs Completed in 7ms
18 timing config:load Completed in 80ms
19 timing npm:load:configload Completed in 81ms
20 timing npm:load:mkdirpcache Completed in 6ms
21 timing npm:load:mkdirplogs Completed in 3ms
22 verbose title npm start
23 verbose argv "start"
24 timing npm:load:setTitle Completed in 6ms
25 timing config:load:flatten Completed in 16ms
26 timing npm:load:display Completed in 25ms
27 verbose logfile logs-max:10 dir:/data/data/com.termux/files/home/.npm/_logs
28 verbose logfile /data/data/com.termux/files/home/.npm/_logs/2022-09-03T15_02_43_610Z-debug-0.log
29 timing npm:load:logFile Completed in 24ms
30 timing npm:load:timers Completed in 1ms
31 timing npm:load:configScope Completed in 0ms
32 timing npm:load Completed in 150ms
33 silly logfile start cleaning logs, removing 1 files
34 silly logfile done cleaning log files
35 timing command:run-script Completed in 83ms
36 timing command:start Completed in 103ms
37 verbose stack Error: Missing script: "start"
37 verbose stack
37 verbose stack Did you mean one of these?
37 verbose stack     npm star # Mark your favorite packages
37 verbose stack     npm stars # View packages marked as favorites
37 verbose stack
37 verbose stack To see a list of scripts, run:
37 verbose stack   npm run
37 verbose stack     at RunScript.run (/data/data/com.termux/files/usr/lib/node_modules/npm/lib/commands/run-script.js:97:13)
37 verbose stack     at async module.exports (/data/data/com.termux/files/usr/lib/node_modules/npm/lib/cli.js:78:5)
38 verbose cwd /storage/emulated/0/BOtserver
39 verbose Linux 4.14.180-perf+
40 verbose node v18.4.0
41 verbose npm  v8.12.1
42 error Missing script: "start"
42 error
42 error Did you mean one of these?
42 error     npm star # Mark your favorite packages
42 error     npm stars # View packages marked as favorites
42 error
42 error To see a list of scripts, run:
42 error   npm run
43 verbose exit 1
44 timing npm Completed in 334ms
45 verbose code 1
46 error A complete log of this run can be found in:
46 error     /data/data/com.termux/files/home/.npm/_logs/2022-09-03T15_02_43_610Z-debug-0.log
