0 verbose cli /data/data/com.termux/files/usr/bin/node /data/data/com.termux/files/usr/bin/npm
1 info using npm@8.12.1
2 info using node@v18.4.0
3 timing npm:load:whichnode Completed in 1ms
4 timing config:load:defaults Completed in 11ms
5 timing config:load:file:/data/data/com.termux/files/usr/lib/node_modules/npm/npmrc Completed in 4ms
6 timing config:load:builtin Completed in 6ms
7 timing config:load:cli Completed in 7ms
8 timing config:load:env Completed in 2ms
9 timing config:load:file:/storage/emulated/0/Haruka-Md2/.npmrc Completed in 1ms
10 timing config:load:project Completed in 13ms
11 timing config:load:file:/data/data/com.termux/files/home/.npmrc Completed in 8ms
12 timing config:load:user Completed in 10ms
13 timing config:load:file:/data/data/com.termux/files/usr/etc/npmrc Completed in 0ms
14 timing config:load:global Completed in 2ms
15 timing config:load:validate Completed in 3ms
16 timing config:load:credentials Completed in 10ms
17 timing config:load:setEnvs Completed in 6ms
18 timing config:load Completed in 77ms
19 timing npm:load:configload Completed in 78ms
20 timing npm:load:mkdirpcache Completed in 7ms
21 timing npm:load:mkdirplogs Completed in 2ms
22 verbose title npm start
23 verbose argv "start"
24 timing npm:load:setTitle Completed in 6ms
25 timing config:load:flatten Completed in 17ms
26 timing npm:load:display Completed in 23ms
27 verbose logfile logs-max:10 dir:/data/data/com.termux/files/home/.npm/_logs
28 verbose logfile /data/data/com.termux/files/home/.npm/_logs/2022-08-04T12_42_23_420Z-debug-0.log
29 timing npm:load:logFile Completed in 34ms
30 timing npm:load:timers Completed in 1ms
31 timing npm:load:configScope Completed in 1ms
32 timing npm:load Completed in 160ms
33 silly logfile start cleaning logs, removing 1 files
34 silly logfile done cleaning log files
35 timing command:run-script Completed in 1161ms
36 timing command:start Completed in 1188ms
37 verbose exit 1
38 verbose stack Error: EIO: i/o error, write
38 verbose stack     at writeSync (node:fs:932:3)
38 verbose stack     at SyncWriteStream._write (node:internal/fs/sync_write_stream:26:3)
38 verbose stack     at writeOrBuffer (node:internal/streams/writable:392:12)
38 verbose stack     at _write (node:internal/streams/writable:333:10)
38 verbose stack     at Writable.write (node:internal/streams/writable:337:10)
38 verbose stack     at /data/data/com.termux/files/usr/lib/node_modules/npm/lib/utils/exit-handler.js:220:26
38 verbose stack     at Array.forEach (<anonymous>)
38 verbose stack     at exitHandler (/data/data/com.termux/files/usr/lib/node_modules/npm/lib/utils/exit-handler.js:220:9)
38 verbose stack     at module.exports (/data/data/com.termux/files/usr/lib/node_modules/npm/lib/cli.js:89:12)
38 verbose stack     at process.processTicksAndRejections (node:internal/process/task_queues:95:5)
39 verbose cwd /storage/emulated/0/Haruka-Md2
40 verbose Linux 4.14.180-perf+
41 verbose node v18.4.0
42 verbose npm  v8.12.1
43 error code EIO
44 error syscall write
45 error errno -5
46 error EIO: i/o error, write
47 verbose exit -5
48 timing npm Completed in 1414ms
49 info ok
50 error A complete log of this run can be found in:
50 error     /data/data/com.termux/files/home/.npm/_logs/2022-08-04T12_42_23_420Z-debug-0.log
