0 verbose cli /data/data/com.termux/files/usr/bin/node /data/data/com.termux/files/usr/bin/npm
1 info using npm@8.12.1
2 info using node@v18.4.0
3 timing npm:load:whichnode Completed in 1ms
4 timing config:load:defaults Completed in 7ms
5 timing config:load:file:/data/data/com.termux/files/usr/lib/node_modules/npm/npmrc Completed in 4ms
6 timing config:load:builtin Completed in 4ms
7 timing config:load:cli Completed in 5ms
8 timing config:load:env Completed in 2ms
9 timing config:load:file:/storage/emulated/0/Haruka-Md2/.npmrc Completed in 1ms
10 timing config:load:project Completed in 9ms
11 timing config:load:file:/data/data/com.termux/files/home/.npmrc Completed in 4ms
12 timing config:load:user Completed in 6ms
13 timing config:load:file:/data/data/com.termux/files/usr/etc/npmrc Completed in 0ms
14 timing config:load:global Completed in 2ms
15 timing config:load:validate Completed in 2ms
16 timing config:load:credentials Completed in 3ms
17 timing config:load:setEnvs Completed in 4ms
18 timing config:load Completed in 46ms
19 timing npm:load:configload Completed in 46ms
20 timing npm:load:mkdirpcache Completed in 4ms
21 timing npm:load:mkdirplogs Completed in 1ms
22 verbose title npm start
23 verbose argv "start"
24 timing npm:load:setTitle Completed in 4ms
25 timing config:load:flatten Completed in 14ms
26 timing npm:load:display Completed in 20ms
27 verbose logfile logs-max:10 dir:/data/data/com.termux/files/home/.npm/_logs
28 verbose logfile /data/data/com.termux/files/home/.npm/_logs/2022-08-24T01_00_53_358Z-debug-0.log
29 timing npm:load:logFile Completed in 22ms
30 timing npm:load:timers Completed in 0ms
31 timing npm:load:configScope Completed in 0ms
32 timing npm:load Completed in 102ms
33 silly logfile start cleaning logs, removing 1 files
34 silly logfile done cleaning log files
35 timing command:run-script Completed in 6814ms
36 timing command:start Completed in 6830ms
37 verbose exit 1
38 timing npm Completed in 6965ms
39 verbose code 1
